1708626372.623931 client started (21869): version 3.3a, socket /tmp/tmux-1000/default, protocol 8
1708626372.623951 on Linux 6.2.0-39-generic #40-Ubuntu SMP PREEMPT_DYNAMIC Tue Nov 14 14:18:00 UTC 2023
1708626372.623956 using libevent 2.1.12-stable (poll); ncurses 6.3
1708626372.623964 flags are 0x18010000
1708626372.623967 socket is /tmp/tmux-1000/default
1708626372.623977 trying connect
1708626372.624012 add peer 0x55ee5047a400: 7 ((nil))
1708626372.624175 sending message 100 to peer 0x55ee5047a400 (4 bytes)
1708626372.624182 sending message 111 to peer 0x55ee5047a400 (8 bytes)
1708626372.624186 sending message 101 to peer 0x55ee5047a400 (15 bytes)
1708626372.624188 sending message 109 to peer 0x55ee5047a400 (4 bytes)
1708626372.624191 sending message 102 to peer 0x55ee5047a400 (11 bytes)
1708626372.624194 sending message 108 to peer 0x55ee5047a400 (56 bytes)
1708626372.624196 sending message 112 to peer 0x55ee5047a400 (58 bytes)
1708626372.624199 sending message 112 to peer 0x55ee5047a400 (5 bytes)
1708626372.624202 sending message 112 to peer 0x55ee5047a400 (5 bytes)
1708626372.624204 sending message 112 to peer 0x55ee5047a400 (6 bytes)
1708626372.624207 sending message 112 to peer 0x55ee5047a400 (6 bytes)
1708626372.624211 sending message 112 to peer 0x55ee5047a400 (11 bytes)
1708626372.624214 sending message 112 to peer 0x55ee5047a400 (10 bytes)
1708626372.624216 sending message 112 to peer 0x55ee5047a400 (13 bytes)
1708626372.624219 sending message 112 to peer 0x55ee5047a400 (14 bytes)
1708626372.624221 sending message 112 to peer 0x55ee5047a400 (19 bytes)
1708626372.624224 sending message 112 to peer 0x55ee5047a400 (11 bytes)
1708626372.624227 sending message 112 to peer 0x55ee5047a400 (10 bytes)
1708626372.624229 sending message 112 to peer 0x55ee5047a400 (15 bytes)
1708626372.624232 sending message 112 to peer 0x55ee5047a400 (21 bytes)
1708626372.624234 sending message 112 to peer 0x55ee5047a400 (13 bytes)
1708626372.624237 sending message 112 to peer 0x55ee5047a400 (7 bytes)
1708626372.624240 sending message 112 to peer 0x55ee5047a400 (13 bytes)
1708626372.624243 sending message 112 to peer 0x55ee5047a400 (7 bytes)
1708626372.624245 sending message 112 to peer 0x55ee5047a400 (13 bytes)
1708626372.624248 sending message 112 to peer 0x55ee5047a400 (9 bytes)
1708626372.624250 sending message 112 to peer 0x55ee5047a400 (21 bytes)
1708626372.624253 sending message 112 to peer 0x55ee5047a400 (13 bytes)
1708626372.624256 sending message 112 to peer 0x55ee5047a400 (9 bytes)
1708626372.624258 sending message 112 to peer 0x55ee5047a400 (16 bytes)
1708626372.624261 sending message 112 to peer 0x55ee5047a400 (13 bytes)
1708626372.624263 sending message 112 to peer 0x55ee5047a400 (9 bytes)
1708626372.624266 sending message 112 to peer 0x55ee5047a400 (9 bytes)
1708626372.624268 sending message 112 to peer 0x55ee5047a400 (12 bytes)
1708626372.624271 sending message 112 to peer 0x55ee5047a400 (8 bytes)
1708626372.624274 sending message 112 to peer 0x55ee5047a400 (8 bytes)
1708626372.624276 sending message 112 to peer 0x55ee5047a400 (13 bytes)
1708626372.624279 sending message 112 to peer 0x55ee5047a400 (7 bytes)
1708626372.624282 sending message 112 to peer 0x55ee5047a400 (7 bytes)
1708626372.624284 sending message 112 to peer 0x55ee5047a400 (9 bytes)
1708626372.624290 sending message 112 to peer 0x55ee5047a400 (9 bytes)
1708626372.624293 sending message 112 to peer 0x55ee5047a400 (15 bytes)
1708626372.624297 sending message 112 to peer 0x55ee5047a400 (13 bytes)
1708626372.624300 sending message 112 to peer 0x55ee5047a400 (12 bytes)
1708626372.624304 sending message 112 to peer 0x55ee5047a400 (8 bytes)
1708626372.624308 sending message 112 to peer 0x55ee5047a400 (14 bytes)
1708626372.624311 sending message 112 to peer 0x55ee5047a400 (11 bytes)
1708626372.624315 sending message 112 to peer 0x55ee5047a400 (9 bytes)
1708626372.624318 sending message 112 to peer 0x55ee5047a400 (10 bytes)
1708626372.624323 sending message 112 to peer 0x55ee5047a400 (10 bytes)
1708626372.624326 sending message 112 to peer 0x55ee5047a400 (10 bytes)
1708626372.624330 sending message 112 to peer 0x55ee5047a400 (10 bytes)
1708626372.624338 sending message 112 to peer 0x55ee5047a400 (11 bytes)
1708626372.624343 sending message 112 to peer 0x55ee5047a400 (12 bytes)
1708626372.624347 sending message 112 to peer 0x55ee5047a400 (12 bytes)
1708626372.624352 sending message 112 to peer 0x55ee5047a400 (12 bytes)
1708626372.624356 sending message 112 to peer 0x55ee5047a400 (12 bytes)
1708626372.624361 sending message 112 to peer 0x55ee5047a400 (12 bytes)
1708626372.624365 sending message 112 to peer 0x55ee5047a400 (11 bytes)
1708626372.624370 sending message 112 to peer 0x55ee5047a400 (11 bytes)
1708626372.624374 sending message 112 to peer 0x55ee5047a400 (12 bytes)
1708626372.624378 sending message 112 to peer 0x55ee5047a400 (12 bytes)
1708626372.624383 sending message 112 to peer 0x55ee5047a400 (12 bytes)
1708626372.624387 sending message 112 to peer 0x55ee5047a400 (12 bytes)
1708626372.624391 sending message 112 to peer 0x55ee5047a400 (12 bytes)
1708626372.624396 sending message 112 to peer 0x55ee5047a400 (9 bytes)
1708626372.624400 sending message 112 to peer 0x55ee5047a400 (12 bytes)
1708626372.624404 sending message 112 to peer 0x55ee5047a400 (13 bytes)
1708626372.624407 sending message 112 to peer 0x55ee5047a400 (13 bytes)
1708626372.624410 sending message 112 to peer 0x55ee5047a400 (13 bytes)
1708626372.624413 sending message 112 to peer 0x55ee5047a400 (13 bytes)
1708626372.624417 sending message 112 to peer 0x55ee5047a400 (13 bytes)
1708626372.624420 sending message 112 to peer 0x55ee5047a400 (8 bytes)
1708626372.624425 sending message 112 to peer 0x55ee5047a400 (11 bytes)
1708626372.624429 sending message 112 to peer 0x55ee5047a400 (11 bytes)
1708626372.624432 sending message 112 to peer 0x55ee5047a400 (11 bytes)
1708626372.624434 sending message 112 to peer 0x55ee5047a400 (12 bytes)
1708626372.624437 sending message 112 to peer 0x55ee5047a400 (12 bytes)
1708626372.624439 sending message 112 to peer 0x55ee5047a400 (12 bytes)
1708626372.624442 sending message 112 to peer 0x55ee5047a400 (12 bytes)
1708626372.624445 sending message 112 to peer 0x55ee5047a400 (13 bytes)
1708626372.624449 sending message 112 to peer 0x55ee5047a400 (13 bytes)
1708626372.624453 sending message 112 to peer 0x55ee5047a400 (13 bytes)
1708626372.624456 sending message 112 to peer 0x55ee5047a400 (8 bytes)
1708626372.624460 sending message 112 to peer 0x55ee5047a400 (13 bytes)
1708626372.624463 sending message 112 to peer 0x55ee5047a400 (13 bytes)
1708626372.624467 sending message 112 to peer 0x55ee5047a400 (13 bytes)
1708626372.624471 sending message 112 to peer 0x55ee5047a400 (13 bytes)
1708626372.624474 sending message 112 to peer 0x55ee5047a400 (13 bytes)
1708626372.624478 sending message 112 to peer 0x55ee5047a400 (12 bytes)
1708626372.624482 sending message 112 to peer 0x55ee5047a400 (12 bytes)
1708626372.624486 sending message 112 to peer 0x55ee5047a400 (12 bytes)
1708626372.624490 sending message 112 to peer 0x55ee5047a400 (12 bytes)
1708626372.624494 sending message 112 to peer 0x55ee5047a400 (13 bytes)
1708626372.624498 sending message 112 to peer 0x55ee5047a400 (8 bytes)
1708626372.624502 sending message 112 to peer 0x55ee5047a400 (13 bytes)
1708626372.624507 sending message 112 to peer 0x55ee5047a400 (13 bytes)
1708626372.624510 sending message 112 to peer 0x55ee5047a400 (13 bytes)
1708626372.624514 sending message 112 to peer 0x55ee5047a400 (13 bytes)
1708626372.624518 sending message 112 to peer 0x55ee5047a400 (13 bytes)
1708626372.624522 sending message 112 to peer 0x55ee5047a400 (13 bytes)
1708626372.624526 sending message 112 to peer 0x55ee5047a400 (13 bytes)
1708626372.624530 sending message 112 to peer 0x55ee5047a400 (12 bytes)
1708626372.624533 sending message 112 to peer 0x55ee5047a400 (12 bytes)
1708626372.624537 sending message 112 to peer 0x55ee5047a400 (12 bytes)
1708626372.624541 sending message 112 to peer 0x55ee5047a400 (8 bytes)
1708626372.624545 sending message 112 to peer 0x55ee5047a400 (12 bytes)
1708626372.624549 sending message 112 to peer 0x55ee5047a400 (13 bytes)
1708626372.624556 sending message 112 to peer 0x55ee5047a400 (13 bytes)
1708626372.624559 sending message 112 to peer 0x55ee5047a400 (13 bytes)
1708626372.624563 sending message 112 to peer 0x55ee5047a400 (13 bytes)
1708626372.624567 sending message 112 to peer 0x55ee5047a400 (13 bytes)
1708626372.624571 sending message 112 to peer 0x55ee5047a400 (13 bytes)
1708626372.624574 sending message 112 to peer 0x55ee5047a400 (13 bytes)
1708626372.624578 sending message 112 to peer 0x55ee5047a400 (13 bytes)
1708626372.624582 sending message 112 to peer 0x55ee5047a400 (12 bytes)
1708626372.624602 sending message 112 to peer 0x55ee5047a400 (10 bytes)
1708626372.624606 sending message 112 to peer 0x55ee5047a400 (12 bytes)
1708626372.624610 sending message 112 to peer 0x55ee5047a400 (12 bytes)
1708626372.624614 sending message 112 to peer 0x55ee5047a400 (12 bytes)
1708626372.624618 sending message 112 to peer 0x55ee5047a400 (13 bytes)
1708626372.624622 sending message 112 to peer 0x55ee5047a400 (13 bytes)
1708626372.624626 sending message 112 to peer 0x55ee5047a400 (13 bytes)
1708626372.624630 sending message 112 to peer 0x55ee5047a400 (13 bytes)
1708626372.624635 sending message 112 to peer 0x55ee5047a400 (13 bytes)
1708626372.624639 sending message 112 to peer 0x55ee5047a400 (13 bytes)
1708626372.624643 sending message 112 to peer 0x55ee5047a400 (13 bytes)
1708626372.624647 sending message 112 to peer 0x55ee5047a400 (10 bytes)
1708626372.624650 sending message 112 to peer 0x55ee5047a400 (13 bytes)
1708626372.624654 sending message 112 to peer 0x55ee5047a400 (12 bytes)
1708626372.624658 sending message 112 to peer 0x55ee5047a400 (12 bytes)
1708626372.624662 sending message 112 to peer 0x55ee5047a400 (12 bytes)
1708626372.624666 sending message 112 to peer 0x55ee5047a400 (10 bytes)
1708626372.624670 sending message 112 to peer 0x55ee5047a400 (10 bytes)
1708626372.624674 sending message 112 to peer 0x55ee5047a400 (10 bytes)
1708626372.624679 sending message 112 to peer 0x55ee5047a400 (12 bytes)
1708626372.624683 sending message 112 to peer 0x55ee5047a400 (13 bytes)
1708626372.624687 sending message 112 to peer 0x55ee5047a400 (13 bytes)
1708626372.624690 sending message 112 to peer 0x55ee5047a400 (13 bytes)
1708626372.624692 sending message 112 to peer 0x55ee5047a400 (13 bytes)
1708626372.624695 sending message 112 to peer 0x55ee5047a400 (13 bytes)
1708626372.624698 sending message 112 to peer 0x55ee5047a400 (10 bytes)
1708626372.624700 sending message 112 to peer 0x55ee5047a400 (11 bytes)
1708626372.624703 sending message 112 to peer 0x55ee5047a400 (12 bytes)
1708626372.624705 sending message 112 to peer 0x55ee5047a400 (12 bytes)
1708626372.624708 sending message 112 to peer 0x55ee5047a400 (12 bytes)
1708626372.624711 sending message 112 to peer 0x55ee5047a400 (12 bytes)
1708626372.624714 sending message 112 to peer 0x55ee5047a400 (12 bytes)
1708626372.624716 sending message 112 to peer 0x55ee5047a400 (11 bytes)
1708626372.624719 sending message 112 to peer 0x55ee5047a400 (12 bytes)
1708626372.624721 sending message 112 to peer 0x55ee5047a400 (12 bytes)
1708626372.624724 sending message 112 to peer 0x55ee5047a400 (13 bytes)
1708626372.624726 sending message 112 to peer 0x55ee5047a400 (13 bytes)
1708626372.624729 sending message 112 to peer 0x55ee5047a400 (13 bytes)
1708626372.624731 sending message 112 to peer 0x55ee5047a400 (13 bytes)
1708626372.624734 sending message 112 to peer 0x55ee5047a400 (13 bytes)
1708626372.624736 sending message 112 to peer 0x55ee5047a400 (10 bytes)
1708626372.624739 sending message 112 to peer 0x55ee5047a400 (9 bytes)
1708626372.624742 sending message 112 to peer 0x55ee5047a400 (12 bytes)
1708626372.624744 sending message 112 to peer 0x55ee5047a400 (13 bytes)
1708626372.624747 sending message 112 to peer 0x55ee5047a400 (13 bytes)
1708626372.624749 sending message 112 to peer 0x55ee5047a400 (13 bytes)
1708626372.624752 sending message 112 to peer 0x55ee5047a400 (13 bytes)
1708626372.624754 sending message 112 to peer 0x55ee5047a400 (13 bytes)
1708626372.624757 sending message 112 to peer 0x55ee5047a400 (9 bytes)
1708626372.624762 sending message 112 to peer 0x55ee5047a400 (12 bytes)
1708626372.624765 sending message 112 to peer 0x55ee5047a400 (13 bytes)
1708626372.624767 sending message 112 to peer 0x55ee5047a400 (13 bytes)
1708626372.624770 sending message 112 to peer 0x55ee5047a400 (13 bytes)
1708626372.624772 sending message 112 to peer 0x55ee5047a400 (13 bytes)
1708626372.624775 sending message 112 to peer 0x55ee5047a400 (13 bytes)
1708626372.624777 sending message 112 to peer 0x55ee5047a400 (11 bytes)
1708626372.624780 sending message 112 to peer 0x55ee5047a400 (12 bytes)
1708626372.624782 sending message 112 to peer 0x55ee5047a400 (13 bytes)
1708626372.624785 sending message 112 to peer 0x55ee5047a400 (13 bytes)
1708626372.624788 sending message 112 to peer 0x55ee5047a400 (13 bytes)
1708626372.624790 sending message 112 to peer 0x55ee5047a400 (13 bytes)
1708626372.624793 sending message 112 to peer 0x55ee5047a400 (13 bytes)
1708626372.624795 sending message 112 to peer 0x55ee5047a400 (11 bytes)
1708626372.624798 sending message 112 to peer 0x55ee5047a400 (12 bytes)
1708626372.624800 sending message 112 to peer 0x55ee5047a400 (12 bytes)
1708626372.624803 sending message 112 to peer 0x55ee5047a400 (12 bytes)
1708626372.624806 sending message 112 to peer 0x55ee5047a400 (12 bytes)
1708626372.624808 sending message 112 to peer 0x55ee5047a400 (12 bytes)
1708626372.624813 sending message 112 to peer 0x55ee5047a400 (21 bytes)
1708626372.624817 sending message 112 to peer 0x55ee5047a400 (12 bytes)
1708626372.624822 sending message 112 to peer 0x55ee5047a400 (9 bytes)
1708626372.624826 sending message 112 to peer 0x55ee5047a400 (6 bytes)
1708626372.624829 sending message 112 to peer 0x55ee5047a400 (13 bytes)
1708626372.624833 sending message 112 to peer 0x55ee5047a400 (10 bytes)
1708626372.624836 sending message 112 to peer 0x55ee5047a400 (24 bytes)
1708626372.624840 sending message 112 to peer 0x55ee5047a400 (13 bytes)
1708626372.624843 sending message 112 to peer 0x55ee5047a400 (9 bytes)
1708626372.624847 sending message 112 to peer 0x55ee5047a400 (70 bytes)
1708626372.624850 sending message 112 to peer 0x55ee5047a400 (69 bytes)
1708626372.624854 sending message 112 to peer 0x55ee5047a400 (12 bytes)
1708626372.624858 sending message 112 to peer 0x55ee5047a400 (10 bytes)
1708626372.624861 sending message 112 to peer 0x55ee5047a400 (10 bytes)
1708626372.624865 sending message 112 to peer 0x55ee5047a400 (24 bytes)
1708626372.624869 sending message 112 to peer 0x55ee5047a400 (13 bytes)
1708626372.624873 sending message 112 to peer 0x55ee5047a400 (10 bytes)
1708626372.624877 sending message 112 to peer 0x55ee5047a400 (10 bytes)
1708626372.624881 sending message 112 to peer 0x55ee5047a400 (10 bytes)
1708626372.624885 sending message 112 to peer 0x55ee5047a400 (13 bytes)
1708626372.624890 sending message 112 to peer 0x55ee5047a400 (15 bytes)
1708626372.624894 sending message 112 to peer 0x55ee5047a400 (5 bytes)
1708626372.624899 sending message 104 to peer 0x55ee5047a400 (0 bytes)
1708626372.624905 sending message 110 to peer 0x55ee5047a400 (0 bytes)
1708626372.624909 sending message 107 to peer 0x55ee5047a400 (4 bytes)
1708626372.624914 sending message 105 to peer 0x55ee5047a400 (16 bytes)
1708626372.624919 sending message 105 to peer 0x55ee5047a400 (92 bytes)
1708626372.624924 sending message 105 to peer 0x55ee5047a400 (19 bytes)
1708626372.624929 sending message 105 to peer 0x55ee5047a400 (20 bytes)
1708626372.624933 sending message 105 to peer 0x55ee5047a400 (45 bytes)
1708626372.624941 sending message 105 to peer 0x55ee5047a400 (27 bytes)
1708626372.624946 sending message 105 to peer 0x55ee5047a400 (61 bytes)
1708626372.624950 sending message 105 to peer 0x55ee5047a400 (23 bytes)
1708626372.624953 sending message 105 to peer 0x55ee5047a400 (44 bytes)
1708626372.624956 sending message 105 to peer 0x55ee5047a400 (22 bytes)
1708626372.624959 sending message 105 to peer 0x55ee5047a400 (45 bytes)
1708626372.624962 sending message 105 to peer 0x55ee5047a400 (32 bytes)
1708626372.624965 sending message 105 to peer 0x55ee5047a400 (41 bytes)
1708626372.624971 sending message 105 to peer 0x55ee5047a400 (46 bytes)
1708626372.624975 sending message 105 to peer 0x55ee5047a400 (20 bytes)
1708626372.624980 sending message 105 to peer 0x55ee5047a400 (23 bytes)
1708626372.624984 sending message 105 to peer 0x55ee5047a400 (28 bytes)
1708626372.624987 sending message 105 to peer 0x55ee5047a400 (24 bytes)
1708626372.624991 sending message 105 to peer 0x55ee5047a400 (60 bytes)
1708626372.624996 sending message 105 to peer 0x55ee5047a400 (14 bytes)
1708626372.625001 sending message 105 to peer 0x55ee5047a400 (27 bytes)
1708626372.625016 sending message 105 to peer 0x55ee5047a400 (21 bytes)
1708626372.625020 sending message 105 to peer 0x55ee5047a400 (29 bytes)
1708626372.625025 sending message 105 to peer 0x55ee5047a400 (52 bytes)
1708626372.625029 sending message 105 to peer 0x55ee5047a400 (22 bytes)
1708626372.625034 sending message 105 to peer 0x55ee5047a400 (41 bytes)
1708626372.625038 sending message 105 to peer 0x55ee5047a400 (13 bytes)
1708626372.625042 sending message 105 to peer 0x55ee5047a400 (17 bytes)
1708626372.625046 sending message 105 to peer 0x55ee5047a400 (15 bytes)
1708626372.625051 sending message 105 to peer 0x55ee5047a400 (17 bytes)
1708626372.625055 sending message 105 to peer 0x55ee5047a400 (1764 bytes)
1708626372.625070 sending message 105 to peer 0x55ee5047a400 (33 bytes)
1708626372.625076 sending message 105 to peer 0x55ee5047a400 (17 bytes)
1708626372.625081 sending message 105 to peer 0x55ee5047a400 (86 bytes)
1708626372.625085 sending message 105 to peer 0x55ee5047a400 (25 bytes)
1708626372.625090 sending message 105 to peer 0x55ee5047a400 (32 bytes)
1708626372.625094 sending message 105 to peer 0x55ee5047a400 (78 bytes)
1708626372.625097 sending message 105 to peer 0x55ee5047a400 (40 bytes)
1708626372.625101 sending message 105 to peer 0x55ee5047a400 (34 bytes)
1708626372.625105 sending message 105 to peer 0x55ee5047a400 (23 bytes)
1708626372.625108 sending message 105 to peer 0x55ee5047a400 (20 bytes)
1708626372.625111 sending message 105 to peer 0x55ee5047a400 (32 bytes)
1708626372.625114 sending message 105 to peer 0x55ee5047a400 (35 bytes)
1708626372.625116 sending message 105 to peer 0x55ee5047a400 (11 bytes)
1708626372.625119 sending message 105 to peer 0x55ee5047a400 (29 bytes)
1708626372.625121 sending message 105 to peer 0x55ee5047a400 (11 bytes)
1708626372.625124 sending message 105 to peer 0x55ee5047a400 (8 bytes)
1708626372.625128 sending message 105 to peer 0x55ee5047a400 (14 bytes)
1708626372.625132 sending message 105 to peer 0x55ee5047a400 (18 bytes)
1708626372.625135 sending message 105 to peer 0x55ee5047a400 (31 bytes)
1708626372.625139 sending message 105 to peer 0x55ee5047a400 (124 bytes)
1708626372.625143 sending message 105 to peer 0x55ee5047a400 (47 bytes)
1708626372.625147 sending message 105 to peer 0x55ee5047a400 (29 bytes)
1708626372.625151 sending message 105 to peer 0x55ee5047a400 (102 bytes)
1708626372.625154 sending message 105 to peer 0x55ee5047a400 (381 bytes)
1708626372.625159 sending message 105 to peer 0x55ee5047a400 (18 bytes)
1708626372.625163 sending message 105 to peer 0x55ee5047a400 (54 bytes)
1708626372.625166 sending message 105 to peer 0x55ee5047a400 (52 bytes)
1708626372.625169 sending message 105 to peer 0x55ee5047a400 (46 bytes)
1708626372.625172 sending message 105 to peer 0x55ee5047a400 (24 bytes)
1708626372.625175 sending message 105 to peer 0x55ee5047a400 (19 bytes)
1708626372.625177 sending message 105 to peer 0x55ee5047a400 (16 bytes)
1708626372.625180 sending message 106 to peer 0x55ee5047a400 (0 bytes)
1708626372.625211 sending message 200 to peer 0x55ee5047a400 (4 bytes)
1708626372.625216 client loop enter
1708626372.626858 peer 0x55ee5047a400 message 207
1708626372.626875 sending message 208 to peer 0x55ee5047a400 (0 bytes)
1708626378.771929 peer 0x55ee5047a400 message 203
1708626378.771946 sending message 205 to peer 0x55ee5047a400 (0 bytes)
1708626378.772108 peer 0x55ee5047a400 message 204
1708626378.772124 client loop exit
